c:\users\administrator\desktop\opengl\modern-opengl-rendering\vsbuild\vsbuild\debug\vc140.pdb
c:\users\administrator\desktop\opengl\modern-opengl-rendering\vsbuild\vsbuild\debug\vc140.idb
c:\users\administrator\desktop\opengl\modern-opengl-rendering\vsbuild\vsbuild\debug\camera.obj
c:\users\administrator\desktop\opengl\modern-opengl-rendering\vsbuild\vsbuild\debug\fpscamera.obj
c:\users\administrator\desktop\opengl\modern-opengl-rendering\vsbuild\vsbuild\debug\component.obj
c:\users\administrator\desktop\opengl\modern-opengl-rendering\vsbuild\vsbuild\debug\cube.obj
c:\users\administrator\desktop\opengl\modern-opengl-rendering\vsbuild\vsbuild\debug\drawablecomponent.obj
c:\users\administrator\desktop\opengl\modern-opengl-rendering\vsbuild\vsbuild\debug\timer.obj
c:\users\administrator\desktop\opengl\modern-opengl-rendering\vsbuild\vsbuild\debug\keyboard.obj
c:\users\administrator\desktop\opengl\modern-opengl-rendering\vsbuild\vsbuild\debug\mouse.obj
c:\users\administrator\desktop\opengl\modern-opengl-rendering\vsbuild\vsbuild\debug\renderscene.obj
c:\users\administrator\desktop\opengl\modern-opengl-rendering\vsbuild\vsbuild\debug\shader.obj
c:\users\administrator\desktop\opengl\modern-opengl-rendering\vsbuild\vsbuild\debug\texture2d.obj
c:\users\administrator\desktop\opengl\modern-opengl-rendering\vsbuild\vsbuild\debug\fileutilits.obj
c:\users\administrator\desktop\opengl\modern-opengl-rendering\vsbuild\vsbuild\debug\mathutilits.obj
c:\users\administrator\desktop\opengl\modern-opengl-rendering\vsbuild\vsbuild\debug\resourcesutilits.obj
c:\users\administrator\desktop\opengl\modern-opengl-rendering\vsbuild\vsbuild\debug\source.obj
c:\users\administrator\desktop\opengl\modern-opengl-rendering\vsbuild\vsbuild\debug\mesh.obj
c:\users\administrator\desktop\opengl\modern-opengl-rendering\vsbuild\vsbuild\debug\model.obj
c:\users\administrator\desktop\opengl\modern-opengl-rendering\vsbuild\debug\vsbuild.ilk
c:\users\administrator\desktop\opengl\modern-opengl-rendering\vsbuild\debug\vsbuild.exe
c:\users\administrator\desktop\opengl\modern-opengl-rendering\vsbuild\debug\vsbuild.pdb
c:\users\administrator\desktop\opengl\modern-opengl-rendering\vsbuild\vsbuild\debug\vsbuild.tlog\cl.command.1.tlog
c:\users\administrator\desktop\opengl\modern-opengl-rendering\vsbuild\vsbuild\debug\vsbuild.tlog\cl.read.1.tlog
c:\users\administrator\desktop\opengl\modern-opengl-rendering\vsbuild\vsbuild\debug\vsbuild.tlog\cl.write.1.tlog
c:\users\administrator\desktop\opengl\modern-opengl-rendering\vsbuild\vsbuild\debug\vsbuild.tlog\link.command.1.tlog
c:\users\administrator\desktop\opengl\modern-opengl-rendering\vsbuild\vsbuild\debug\vsbuild.tlog\link.read.1.tlog
c:\users\administrator\desktop\opengl\modern-opengl-rendering\vsbuild\vsbuild\debug\vsbuild.tlog\link.write.1.tlog
